2016-10-15 13:05:42,372 - [INFO] - from play in pool-4-thread-1 
Listening for HTTP on /0:0:0:0:0:0:0:0:9000

2016-10-15 13:05:57,587 - [INFO] - from play in play-internal-execution-context-1 
database [default] connected at jdbc:db2://192.168.53.62:50000/startapi

2016-10-15 13:08:48,137 - [INFO] - from play in play-internal-execution-context-1 
Application started (Dev)

2016-10-15 13:13:39,938 - [INFO] - from play in play-internal-execution-context-1 
database [default] connected at jdbc:db2://192.168.53.62:50000/startapi

2016-10-15 13:13:44,107 - [INFO] - from play in play-internal-execution-context-1 
Application started (Dev)

2016-10-15 13:16:19,625 - [INFO] - from play in play-internal-execution-context-1 
database [default] connected at jdbc:db2://192.168.53.62:50000/startapi

2016-10-15 13:16:19,639 - [INFO] - from play in play-internal-execution-context-1 
Application started (Dev)

2016-10-15 13:21:23,292 - [INFO] - from play in play-internal-execution-context-1 
database [default] connected at jdbc:db2://192.168.53.62:50000/startapi

2016-10-15 13:21:23,306 - [INFO] - from play in play-internal-execution-context-1 
Application started (Dev)

2016-10-15 13:21:41,852 - [INFO] - from play in play-internal-execution-context-1 
database [default] connected at jdbc:db2://192.168.53.62:50000/startapi

2016-10-15 13:21:41,868 - [INFO] - from play in play-internal-execution-context-1 
Application started (Dev)

2016-10-15 13:22:32,369 - [INFO] - from play in play-internal-execution-context-1 
database [default] connected at jdbc:db2://192.168.53.62:50000/startapi

2016-10-15 13:22:32,384 - [INFO] - from play in play-internal-execution-context-1 
Application started (Dev)

2016-10-15 13:24:18,087 - [INFO] - from play in play-internal-execution-context-1 
database [default] connected at jdbc:db2://192.168.53.62:50000/startapi

2016-10-15 13:24:18,100 - [INFO] - from play in play-internal-execution-context-1 
Application started (Dev)

2016-10-15 13:25:59,166 - [INFO] - from play in play-internal-execution-context-1 
database [default] connected at jdbc:db2://192.168.53.62:50000/startapi

2016-10-15 13:25:59,180 - [INFO] - from play in play-internal-execution-context-1 
Application started (Dev)

2016-10-15 13:27:06,803 - [INFO] - from play in play-internal-execution-context-1 
database [default] connected at jdbc:db2://192.168.53.62:50000/startapi

2016-10-15 13:27:06,818 - [INFO] - from play in play-internal-execution-context-1 
Application started (Dev)

2016-10-15 13:27:58,932 - [INFO] - from play in play-internal-execution-context-1 
database [default] connected at jdbc:db2://192.168.53.62:50000/startapi

2016-10-15 13:27:58,945 - [INFO] - from play in play-internal-execution-context-1 
Application started (Dev)

2016-10-15 13:28:59,864 - [INFO] - from play in play-internal-execution-context-1 
database [default] connected at jdbc:db2://192.168.53.62:50000/startapi

2016-10-15 13:28:59,876 - [INFO] - from play in play-internal-execution-context-1 
Application started (Dev)

2016-10-15 13:29:19,707 - [INFO] - from play in play-internal-execution-context-1 
database [default] connected at jdbc:db2://192.168.53.62:50000/startapi

2016-10-15 13:29:19,719 - [INFO] - from play in play-internal-execution-context-1 
Application started (Dev)

2016-10-15 13:29:33,078 - [INFO] - from play in play-internal-execution-context-1 
database [default] connected at jdbc:db2://192.168.53.62:50000/startapi

2016-10-15 13:29:33,093 - [INFO] - from play in play-internal-execution-context-1 
Application started (Dev)

2016-10-15 13:30:09,706 - [INFO] - from play in play-internal-execution-context-1 
database [default] connected at jdbc:db2://192.168.53.62:50000/startapi

2016-10-15 13:30:09,718 - [INFO] - from play in play-internal-execution-context-1 
Application started (Dev)

2016-10-15 13:38:42,314 - [INFO] - from play in play-internal-execution-context-1 
database [default] connected at jdbc:db2://192.168.53.62:50000/startapi

2016-10-15 13:38:42,326 - [INFO] - from play in play-internal-execution-context-1 
Application started (Dev)

2016-10-15 13:39:36,388 - [INFO] - from play in play-internal-execution-context-1 
database [default] connected at jdbc:db2://192.168.53.62:50000/startapi

2016-10-15 13:39:36,403 - [INFO] - from play in play-internal-execution-context-1 
Application started (Dev)

2016-10-15 13:41:45,885 - [INFO] - from play in play-internal-execution-context-1 
database [default] connected at jdbc:db2://192.168.53.62:50000/startapi

2016-10-15 13:41:45,898 - [INFO] - from play in play-internal-execution-context-1 
Application started (Dev)

2016-10-15 13:42:24,034 - [INFO] - from play in play-internal-execution-context-1 
database [default] connected at jdbc:db2://192.168.53.62:50000/startapi

2016-10-15 13:42:24,048 - [INFO] - from play in play-internal-execution-context-1 
Application started (Dev)

2016-10-15 13:43:50,919 - [INFO] - from play in play-internal-execution-context-1 
database [default] connected at jdbc:db2://192.168.53.62:50000/startapi

2016-10-15 13:43:50,931 - [INFO] - from play in play-internal-execution-context-1 
Application started (Dev)

2016-10-15 13:44:58,344 - [INFO] - from play in play-internal-execution-context-1 
database [default] connected at jdbc:db2://192.168.53.62:50000/startapi

2016-10-15 13:44:58,356 - [INFO] - from play in play-internal-execution-context-1 
Application started (Dev)

2016-10-15 13:46:42,246 - [INFO] - from play in play-internal-execution-context-1 
database [default] connected at jdbc:db2://192.168.53.62:50000/startapi

2016-10-15 13:46:42,258 - [INFO] - from play in play-internal-execution-context-1 
Application started (Dev)

2016-10-15 13:47:07,085 - [INFO] - from play in play-internal-execution-context-1 
database [default] connected at jdbc:db2://192.168.53.62:50000/startapi

2016-10-15 13:47:07,099 - [INFO] - from play in play-internal-execution-context-1 
Application started (Dev)

2016-10-15 13:49:22,257 - [INFO] - from play in play-internal-execution-context-1 
database [default] connected at jdbc:db2://192.168.53.62:50000/startapi

2016-10-15 13:49:22,268 - [INFO] - from play in play-internal-execution-context-1 
Application started (Dev)

2016-10-15 13:50:16,636 - [INFO] - from play in play-internal-execution-context-1 
database [default] connected at jdbc:db2://192.168.53.62:50000/startapi

2016-10-15 13:50:16,648 - [INFO] - from play in play-internal-execution-context-1 
Application started (Dev)

2016-10-15 13:52:15,418 - [INFO] - from play in play-internal-execution-context-1 
database [default] connected at jdbc:db2://192.168.53.62:50000/startapi

2016-10-15 13:52:15,431 - [INFO] - from play in play-internal-execution-context-1 
Application started (Dev)

